Build started 2015-03-23 20:04:41.
     1>Project "H:\wzr15_1a\wzr_vis.vcxproj" on node 2 (Build target(s)).
     1>ClCompile:
         C:\Program Files (x86)\Microsoft Visual Studio 12.0\VC\bin\CL.exe /c /ZI /nologo /W3 /WX- /Od /Oy- /D WIN32 /D _DEBUG /D _CONSOLE /D _VC80_UPGRADE=0x0710 /D _MBCS /Gm /EHsc /RTC1 /MTd /GS /fp:precise /Zc:wchar_t /Zc:forScope /Fo"Debug\\" /Fd"Debug\vc120.pdb" /Gd /TP /analyze- /errorReport:prompt glowny.cpp grafika.cpp interakcja.cpp kwaternion.cpp obiekty.cpp siec.cpp wektor.cpp
         wektor.cpp
     1>h:\wzr15_1a\wektor.cpp(7): warning C4305: 'initializing' : truncation from 'double' to 'float'
         siec.cpp
         obiekty.cpp
     1>h:\wzr15_1a\obiekty.cpp(33): warning C4244: '=' : conversion from 'double' to 'float', possible loss of data
     1>h:\wzr15_1a\obiekty.cpp(34): warning C4305: '=' : truncation from 'double' to 'float'
     1>h:\wzr15_1a\obiekty.cpp(35): warning C4305: '=' : truncation from 'double' to 'float'
     1>h:\wzr15_1a\obiekty.cpp(36): warning C4305: '=' : truncation from 'double' to 'float'
     1>h:\wzr15_1a\obiekty.cpp(38): warning C4305: '=' : truncation from 'double' to 'float'
     1>h:\wzr15_1a\obiekty.cpp(39): warning C4305: '=' : truncation from 'double' to 'float'
     1>h:\wzr15_1a\obiekty.cpp(46): warning C4305: 'argument' : truncation from 'double' to 'float'
     1>h:\wzr15_1a\obiekty.cpp(87): warning C4305: 'initializing' : truncation from 'double' to 'float'
     1>h:\wzr15_1a\obiekty.cpp(88): warning C4305: 'initializing' : truncation from 'double' to 'float'
     1>h:\wzr15_1a\obiekty.cpp(131): warning C4244: '=' : conversion from 'double' to 'float', possible loss of data
     1>h:\wzr15_1a\obiekty.cpp(133): warning C4244: 'argument' : conversion from 'int' to 'float', possible loss of data
     1>h:\wzr15_1a\obiekty.cpp(150): warning C4244: 'initializing' : conversion from 'double' to 'float', possible loss of data
     1>h:\wzr15_1a\obiekty.cpp(233): warning C4244: '=' : conversion from 'double' to 'float', possible loss of data
     1>h:\wzr15_1a\obiekty.cpp(298): warning C4244: 'argument' : conversion from 'double' to 'GLfloat', possible loss of data
     1>h:\wzr15_1a\obiekty.cpp(305): warning C4305: 'argument' : truncation from 'double' to 'GLfloat'
     1>h:\wzr15_1a\obiekty.cpp(452): warning C4244: 'argument' : conversion from 'double' to 'float', possible loss of data
     1>h:\wzr15_1a\obiekty.cpp(500): warning C4244: 'argument' : conversion from 'double' to 'float', possible loss of data
         kwaternion.cpp
         interakcja.cpp
     1>h:\wzr15_1a\interakcja.cpp(17): warning C4996: 'fopen': This function or variable may be unsafe. Consider using fopen_s instead. To disable deprecation, use _CRT_SECURE_NO_WARNINGS. See online help for details.
                 c:\program files (x86)\microsoft visual studio 12.0\vc\include\stdio.h(211) : see declaration of 'fopen'
     1>h:\wzr15_1a\interakcja.cpp(170): warning C4244: '=' : conversion from 'double' to 'float', possible loss of data
     1>h:\wzr15_1a\interakcja.cpp(173): warning C4996: 'sprintf': This function or variable may be unsafe. Consider using sprintf_s instead. To disable deprecation, use _CRT_SECURE_NO_WARNINGS. See online help for details.
                 c:\program files (x86)\microsoft visual studio 12.0\vc\include\stdio.h(356) : see declaration of 'sprintf'
     1>h:\wzr15_1a\interakcja.cpp(242): warning C4305: '=' : truncation from 'double' to 'float'
     1>h:\wzr15_1a\interakcja.cpp(243): warning C4305: '=' : truncation from 'double' to 'float'
     1>h:\wzr15_1a\interakcja.cpp(249): warning C4305: '=' : truncation from 'double' to 'float'
     1>h:\wzr15_1a\interakcja.cpp(250): warning C4305: '=' : truncation from 'double' to 'float'
     1>h:\wzr15_1a\interakcja.cpp(256): warning C4305: '/=' : truncation from 'double' to 'float'
     1>h:\wzr15_1a\interakcja.cpp(263): warning C4305: '*=' : truncation from 'double' to 'float'
     1>h:\wzr15_1a\interakcja.cpp(269): warning C4800: 'int' : forcing value to bool 'true' or 'false' (performance warning)
     1>h:\wzr15_1a\interakcja.cpp(274): warning C4305: '+=' : truncation from 'double' to 'float'
     1>h:\wzr15_1a\interakcja.cpp(279): warning C4305: '-=' : truncation from 'double' to 'float'
     1>h:\wzr15_1a\interakcja.cpp(284): warning C4800: 'int' : forcing value to bool 'true' or 'false' (performance warning)
     1>h:\wzr15_1a\interakcja.cpp(289): warning C4305: '*=' : truncation from 'double' to 'float'
     1>h:\wzr15_1a\interakcja.cpp(294): warning C4305: '/=' : truncation from 'double' to 'float'
         grafika.cpp
     1>h:\wzr15_1a\grafika.cpp(116): warning C4305: 'argument' : truncation from 'double' to 'float'
     1>h:\wzr15_1a\grafika.cpp(304): warning C4996: 'vsprintf': This function or variable may be unsafe. Consider using vsprintf_s instead. To disable deprecation, use _CRT_SECURE_NO_WARNINGS. See online help for details.
                 c:\program files (x86)\microsoft visual studio 12.0\vc\include\stdio.h(356) : see declaration of 'vsprintf'
     1>h:\wzr15_1a\grafika.cpp(345): warning C4305: 'argument' : truncation from 'double' to 'GLfloat'
     1>h:\wzr15_1a\grafika.cpp(346): warning C4305: 'argument' : truncation from 'double' to 'GLfloat'
     1>h:\wzr15_1a\grafika.cpp(348): warning C4305: 'argument' : truncation from 'double' to 'GLfloat'
     1>h:\wzr15_1a\grafika.cpp(349): warning C4305: 'argument' : truncation from 'double' to 'GLfloat'
     1>h:\wzr15_1a\grafika.cpp(355): warning C4305: 'argument' : truncation from 'double' to 'GLfloat'
     1>h:\wzr15_1a\grafika.cpp(356): warning C4305: 'argument' : truncation from 'double' to 'GLfloat'
     1>h:\wzr15_1a\grafika.cpp(359): warning C4305: 'argument' : truncation from 'double' to 'GLfloat'
     1>h:\wzr15_1a\grafika.cpp(362): warning C4305: 'argument' : truncation from 'double' to 'GLfloat'
     1>h:\wzr15_1a\grafika.cpp(367): warning C4305: 'argument' : truncation from 'double' to 'GLfloat'
     1>h:\wzr15_1a\grafika.cpp(368): warning C4305: 'argument' : truncation from 'double' to 'GLfloat'
     1>h:\wzr15_1a\grafika.cpp(370): warning C4305: 'argument' : truncation from 'double' to 'GLfloat'
     1>h:\wzr15_1a\grafika.cpp(371): warning C4305: 'argument' : truncation from 'double' to 'GLfloat'
     1>h:\wzr15_1a\grafika.cpp(382): warning C4305: 'argument' : truncation from 'double' to 'GLfloat'
     1>h:\wzr15_1a\grafika.cpp(383): warning C4305: 'argument' : truncation from 'double' to 'GLfloat'
     1>h:\wzr15_1a\grafika.cpp(384): warning C4305: 'argument' : truncation from 'double' to 'GLfloat'
     1>h:\wzr15_1a\grafika.cpp(385): warning C4305: 'argument' : truncation from 'double' to 'GLfloat'
         glowny.cpp
         Generating Code...
     1>h:\wzr15_1a\grafika.cpp(54): warning C4715: 'InicjujGrafike' : not all control paths return a value
     1>h:\wzr15_1a\siec.cpp(190): warning C4715: 'unicast_net::send' : not all control paths return a value
     1>h:\wzr15_1a\siec.cpp(199): warning C4715: 'unicast_net::send' : not all control paths return a value
     1>h:\wzr15_1a\siec.cpp(214): warning C4715: 'unicast_net::reciv' : not all control paths return a value
       Link:
         C:\Program Files (x86)\Microsoft Visual Studio 12.0\VC\bin\link.exe /ERRORREPORT:PROMPT /OUT:"Debug\wzr_vis.exe" /INCREMENTAL /NOLOGO kernel32.lib user32.lib gdi32.lib winspool.lib comdlg32.lib advapi32.lib shell32.lib ole32.lib oleaut32.lib uuid.lib odbc32.lib odbccp32.lib /MANIFEST /MANIFESTUAC:"level='asInvoker' uiAccess='false'" /manifest:embed /DEBUG /PDB:"Debug\GK-OpenGL.pdb" /SUBSYSTEM:WINDOWS /TLBID:1 /DYNAMICBASE:NO /IMPLIB:"Debug\wzr_vis.lib" /MACHINE:X86 /SAFESEH opengl32.lib glu32.lib WSOCK32.LIB MPR.LIB WSOCK32.LIB MPR.LIB
          Debug\glowny.obj
         Debug\grafika.obj
         Debug\interakcja.obj
         Debug\kwaternion.obj
         Debug\obiekty.obj
         Debug\siec.obj
         Debug\wektor.obj
     1>glowny.obj : warning LNK4075: ignoring '/EDITANDCONTINUE' due to '/SAFESEH' specification
         wzr_vis.vcxproj -> H:\wzr15_1a\Debug\wzr_vis.exe
     1>Done Building Project "H:\wzr15_1a\wzr_vis.vcxproj" (Build target(s)).

Build succeeded.

Time Elapsed 00:00:17.43
