C:\USERS\MARCIN\DOCUMENTS\PG\SEM6\KSR\LAB\WZR15_2A\DEBUG\SIEC.OBJ
C:\USERS\MARCIN\DOCUMENTS\PG\SEM6\KSR\LAB\WZR15_2A\DEBUG\WEKTOR.OBJ
C:\USERS\MARCIN\DOCUMENTS\PG\SEM6\KSR\LAB\WZR15_2A\DEBUG\VC110.PDB
C:\USERS\MARCIN\DOCUMENTS\PG\SEM6\KSR\LAB\WZR15_2A\DEBUG\INTERAKCJA.OBJ
C:\USERS\MARCIN\DOCUMENTS\PG\SEM6\KSR\LAB\WZR15_2A\DEBUG\KWATERNION.OBJ
C:\USERS\MARCIN\DOCUMENTS\PG\SEM6\KSR\LAB\WZR15_2A\DEBUG\GLOWNY.OBJ
C:\USERS\MARCIN\DOCUMENTS\PG\SEM6\KSR\LAB\WZR15_2A\DEBUG\GRAFIKA.OBJ
C:\USERS\MARCIN\DOCUMENTS\PG\SEM6\KSR\LAB\WZR15_2A\DEBUG\OBIEKTY.OBJ
C:\USERS\MARCIN\DOCUMENTS\PG\SEM6\KSR\LAB\WZR15_2A\DEBUG\WZR_VIS.ILK
C:\USERS\MARCIN\DOCUMENTS\PG\SEM6\KSR\LAB\WZR15_2A\DEBUG\WZR_VIS.EXE
C:\USERS\MARCIN\DOCUMENTS\PG\SEM6\KSR\LAB\WZR15_2A\DEBUG\GK-OPENGL.PDB
C:\Users\Marcin\Documents\PG\sem6\KSR\lab\wzr15_2a\Debug\glowny.obj
C:\Users\Marcin\Documents\PG\sem6\KSR\lab\wzr15_2a\Debug\grafika.obj
C:\Users\Marcin\Documents\PG\sem6\KSR\lab\wzr15_2a\Debug\interakcja.obj
C:\Users\Marcin\Documents\PG\sem6\KSR\lab\wzr15_2a\Debug\kwaternion.obj
C:\Users\Marcin\Documents\PG\sem6\KSR\lab\wzr15_2a\Debug\obiekty.obj
C:\Users\Marcin\Documents\PG\sem6\KSR\lab\wzr15_2a\Debug\siec.obj
C:\Users\Marcin\Documents\PG\sem6\KSR\lab\wzr15_2a\Debug\wektor.obj
C:\Users\Marcin\Documents\PG\sem6\KSR\lab\wzr15_2a\Debug\wzr_vis.ilk
C:\Users\Marcin\Documents\PG\sem6\KSR\lab\wzr15_2a\Debug\cl.command.1.tlog
C:\Users\Marcin\Documents\PG\sem6\KSR\lab\wzr15_2a\Debug\CL.read.1.tlog
C:\Users\Marcin\Documents\PG\sem6\KSR\lab\wzr15_2a\Debug\CL.write.1.tlog
C:\Users\Marcin\Documents\PG\sem6\KSR\lab\wzr15_2a\Debug\link-cvtres.read.1.tlog
C:\Users\Marcin\Documents\PG\sem6\KSR\lab\wzr15_2a\Debug\link-cvtres.write.1.tlog
C:\Users\Marcin\Documents\PG\sem6\KSR\lab\wzr15_2a\Debug\link-rc.read.1.tlog
C:\Users\Marcin\Documents\PG\sem6\KSR\lab\wzr15_2a\Debug\link-rc.write.1.tlog
C:\Users\Marcin\Documents\PG\sem6\KSR\lab\wzr15_2a\Debug\link.command.1.tlog
C:\Users\Marcin\Documents\PG\sem6\KSR\lab\wzr15_2a\Debug\link.read.1.tlog
C:\Users\Marcin\Documents\PG\sem6\KSR\lab\wzr15_2a\Debug\link.write.1.tlog
C:\Users\Marcin\Documents\PG\sem6\KSR\lab\wzr15_2a\Debug\vc110.idb
C:\Users\Marcin\Documents\PG\sem6\KSR\lab\wzr15_2a\Debug\GK-OpenGL.pdb
C:\Users\Marcin\Documents\PG\sem6\KSR\lab\wzr15_2a\Debug\vc110.pdb
C:\Users\Marcin\Documents\PG\sem6\KSR\lab\wzr15_2a\Debug\wzr_vis.exe
